<?xml version="1.0" encoding="UTF-8"?>
<testng-results skipped="0" failed="0" ignored="0" total="2" passed="2">
  <reporter-output>
  </reporter-output>
  <suite name="BDD Test Suite" duration-ms="64627" started-at="2019-04-15T13:17:00Z" finished-at="2019-04-15T13:18:05Z">
    <groups>
      <group name="cucumber">
        <method signature="Runner.scenario(cucumber.api.testng.PickleEventWrapper, cucumber.api.testng.CucumberFeatureWrapper)[pri:0, instance:global.APP.starter.Runner@3d921e20]" name="scenario" class="global.APP.starter.Runner"/>
        <method signature="Runner2.scenario(cucumber.api.testng.PickleEventWrapper, cucumber.api.testng.CucumberFeatureWrapper)[pri:0, instance:global.APP.starter.Runner2@27f723]" name="scenario" class="global.APP.starter.Runner2"/>
      </group> <!-- cucumber -->
    </groups>
    <test name="J7" duration-ms="35680" started-at="2019-04-15T13:17:00Z" finished-at="2019-04-15T13:17:36Z">
      <class name="global.APP.starter.Runner">
        <test-method status="PASS" signature="setUpClass(java.lang.String, java.lang.String, java.lang.String, java.lang.String, java.lang.String, java.lang.String)[pri:0, instance:global.APP.starter.Runner@3d921e20]" name="setUpClass" is-config="true" duration-ms="27157" started-at="2019-04-15T13:17:00Z" finished-at="2019-04-15T13:17:27Z">
          <params>
            <param index="0">
              <value>
                <![CDATA[Android]]>
              </value>
            </param>
            <param index="1">
              <value>
                <![CDATA[HARRY's galaxy J7]]>
              </value>
            </param>
            <param index="2">
              <value>
                <![CDATA[6.0.1]]>
              </value>
            </param>
            <param index="3">
              <value>
                <![CDATA[3300b636b659b293]]>
              </value>
            </param>
            <param index="4">
              <value>
                <![CDATA[4723]]>
              </value>
            </param>
            <param index="5">
              <value>
                <![CDATA[8210]]>
              </value>
            </param>
          </params>
          <reporter-output>
          </reporter-output>
        </test-method> <!-- setUpClass -->
        <test-method status="PASS" signature="scenario(cucumber.api.testng.PickleEventWrapper, cucumber.api.testng.CucumberFeatureWrapper)[pri:0, instance:global.APP.starter.Runner@3d921e20]" name="scenario" duration-ms="8482" started-at="2019-04-15T13:17:28Z" description="Runs Cucumber Feature" data-provider="scenarios" finished-at="2019-04-15T13:17:36Z">
          <params>
            <param index="0">
              <value>
                <![CDATA["Search a product"]]>
              </value>
            </param>
            <param index="1">
              <value>
                <![CDATA["first feature"]]>
              </value>
            </param>
          </params>
          <reporter-output>
          </reporter-output>
        </test-method> <!-- scenario -->
        <test-method status="PASS" signature="tearDownClass()[pri:0, instance:global.APP.starter.Runner@3d921e20]" name="tearDownClass" is-config="true" duration-ms="5" started-at="2019-04-15T13:17:36Z" finished-at="2019-04-15T13:17:36Z">
          <reporter-output>
          </reporter-output>
        </test-method> <!-- tearDownClass -->
        <test-method status="PASS" signature="teardownBrowser()[pri:0, instance:global.APP.starter.Runner@3d921e20]" name="teardownBrowser" is-config="true" duration-ms="1" started-at="2019-04-15T13:17:36Z" finished-at="2019-04-15T13:17:36Z">
          <reporter-output>
          </reporter-output>
        </test-method> <!-- teardownBrowser -->
      </class> <!-- global.APP.starter.Runner -->
    </test> <!-- J7 -->
    <test name="Galaxy S8+" duration-ms="28924" started-at="2019-04-15T13:17:36Z" finished-at="2019-04-15T13:18:05Z">
      <class name="global.APP.starter.Runner2">
        <test-method status="PASS" signature="setUpClass(java.lang.String, java.lang.String, java.lang.String, java.lang.String, java.lang.String, java.lang.String)[pri:0, instance:global.APP.starter.Runner2@27f723]" name="setUpClass" is-config="true" duration-ms="13235" started-at="2019-04-15T13:17:36Z" finished-at="2019-04-15T13:17:49Z">
          <params>
            <param index="0">
              <value>
                <![CDATA[Android]]>
              </value>
            </param>
            <param index="1">
              <value>
                <![CDATA[Galaxy S8+]]>
              </value>
            </param>
            <param index="2">
              <value>
                <![CDATA[8.0.0]]>
              </value>
            </param>
            <param index="3">
              <value>
                <![CDATA[ce11171b640a1e3404]]>
              </value>
            </param>
            <param index="4">
              <value>
                <![CDATA[4722]]>
              </value>
            </param>
            <param index="5">
              <value>
                <![CDATA[8200]]>
              </value>
            </param>
          </params>
          <reporter-output>
          </reporter-output>
        </test-method> <!-- setUpClass -->
        <test-method status="PASS" signature="scenario(cucumber.api.testng.PickleEventWrapper, cucumber.api.testng.CucumberFeatureWrapper)[pri:0, instance:global.APP.starter.Runner2@27f723]" name="scenario" duration-ms="15684" started-at="2019-04-15T13:17:49Z" description="Runs Cucumber Feature" data-provider="scenarios" finished-at="2019-04-15T13:18:05Z">
          <params>
            <param index="0">
              <value>
                <![CDATA["Search a product"]]>
              </value>
            </param>
            <param index="1">
              <value>
                <![CDATA["first feature"]]>
              </value>
            </param>
          </params>
          <reporter-output>
          </reporter-output>
        </test-method> <!-- scenario -->
        <test-method status="PASS" signature="tearDownClass()[pri:0, instance:global.APP.starter.Runner2@27f723]" name="tearDownClass" is-config="true" duration-ms="1" started-at="2019-04-15T13:18:05Z" finished-at="2019-04-15T13:18:05Z">
          <reporter-output>
          </reporter-output>
        </test-method> <!-- tearDownClass -->
        <test-method status="PASS" signature="teardownBrowser()[pri:0, instance:global.APP.starter.Runner2@27f723]" name="teardownBrowser" is-config="true" duration-ms="0" started-at="2019-04-15T13:18:05Z" finished-at="2019-04-15T13:18:05Z">
          <reporter-output>
          </reporter-output>
        </test-method> <!-- teardownBrowser -->
      </class> <!-- global.APP.starter.Runner2 -->
    </test> <!-- Galaxy S8+ -->
  </suite> <!-- BDD Test Suite -->
</testng-results>
